
======================================================================
  Walk-Forward Strategy Comparison
  Strategies : SMA, DEMA, RSI, MACD
  Tickers    : AAPL, MSFT, NVDA, AMZN, BRK-B, XOM, UNH, WMT, BA, KO
  Period     : 2010-01-01 → 2025-01-01
  IS/OOS     : 2y IS  /  1y OOS  (step 1y)
  Trials     : 30 per window
  Output dir : /scratch/lustre/home/ilju3280/hmm-backtrader-sample/wf_results_mode_size_2010_2025_AAPL_MSFT_NVDA_AMZN_BRK-B_XOM_UNH_WMT_BA_KO
======================================================================

  Launching 4 parallel workers …

  [SMA  ] ✓ OK  (2429.3s)  → ./wf_results_mode_size_2010_2025_AAPL_MSFT_NVDA_AMZN_BRK-B_XOM_UNH_WMT_BA_KO/sma.txt
  [DEMA ] ✓ OK  (2443.5s)  → ./wf_results_mode_size_2010_2025_AAPL_MSFT_NVDA_AMZN_BRK-B_XOM_UNH_WMT_BA_KO/dema.txt
  [RSI  ] ✓ OK  (2477.9s)  → ./wf_results_mode_size_2010_2025_AAPL_MSFT_NVDA_AMZN_BRK-B_XOM_UNH_WMT_BA_KO/rsi.txt
  [MACD ] ✓ OK  (2498.2s)  → ./wf_results_mode_size_2010_2025_AAPL_MSFT_NVDA_AMZN_BRK-B_XOM_UNH_WMT_BA_KO/macd.txt

  All strategies finished in 2498.2s  (wall-clock, ran in parallel)



========================================================================================================================
  STRATEGY COMPARISON  –  Walk-Forward OOS Results (means across all windows)
========================================================================================================================
  Metric                             SMA          DEMA           RSI          MACD
  --------------------------------------------------------------------------------
  Mean Δ Return (%)               -1.56%        -0.10%        +0.61%        -0.58%
  Baseline Return (%)              3.17%         2.55%           N/A         2.99%
  HMM Return (%)                   1.61%         2.45%           N/A         2.40%

  Baseline CAGR (%)                3.17%         2.55%           N/A         2.98%
  HMM CAGR (%)                     1.61%         2.45%           N/A         2.40%
  Δ CAGR (%)                      -1.56%        -0.10%           N/A        -0.58%

  Baseline Sharpe                  0.189         0.164        -0.504         0.064
  HMM Sharpe                      -0.036         0.220        -0.881        -0.011
  Δ Sharpe                        -0.225        +0.056        -0.378        -0.075

  Baseline MaxDD (%)               5.86%         5.29%         4.39%         5.47%
  HMM MaxDD (%)                    5.03%         4.08%         2.52%         4.67%
  Δ MaxDD (%)                     -0.83%        -1.21%        -1.87%        -0.80%

  HMM Win Rate (%)                 53.8%         46.2%         46.2%         46.2%
  Metrics Improved                   1/5           3/5           1/5           1/5
========================================================================================================================

  Best HMM synergy : RSI  (mean Δ return +0.61% per OOS window)
========================================================================================================================

  Output files:
    SMA    → ./wf_results_mode_size_2010_2025_AAPL_MSFT_NVDA_AMZN_BRK-B_XOM_UNH_WMT_BA_KO/sma.txt
    DEMA   → ./wf_results_mode_size_2010_2025_AAPL_MSFT_NVDA_AMZN_BRK-B_XOM_UNH_WMT_BA_KO/dema.txt
    RSI    → ./wf_results_mode_size_2010_2025_AAPL_MSFT_NVDA_AMZN_BRK-B_XOM_UNH_WMT_BA_KO/rsi.txt
    MACD   → ./wf_results_mode_size_2010_2025_AAPL_MSFT_NVDA_AMZN_BRK-B_XOM_UNH_WMT_BA_KO/macd.txt

