
======================================================================
  Walk-Forward Strategy Comparison
  Strategies : SMA, DEMA, RSI, MACD
  Tickers    : AAPL, MSFT, NVDA, AMZN, BRK-B, XOM, UNH, WMT, BA, KO
  Period     : 2010-01-01 → 2025-01-01
  IS/OOS     : 2y IS  /  1y OOS  (step 1y)
  Trials     : 50 per window
  Output dir : /scratch/lustre/home/ilju3280/hmm-backtrader-sample/wf_results_mode_runs_2010_2025_AAPL_MSFT_NVDA_AMZN_BRK-B_XOM_UNH_WMT_BA_KO_Size_Search_With_Param
======================================================================

  Launching 4 parallel workers …

  [RSI  ] ✓ OK  (3661.9s)  → ./wf_results_mode_runs_2010_2025_AAPL_MSFT_NVDA_AMZN_BRK-B_XOM_UNH_WMT_BA_KO_Size_Search_With_Param/rsi.txt
  [SMA  ] ✓ OK  (3898.1s)  → ./wf_results_mode_runs_2010_2025_AAPL_MSFT_NVDA_AMZN_BRK-B_XOM_UNH_WMT_BA_KO_Size_Search_With_Param/sma.txt
  [DEMA ] ✓ OK  (3918.7s)  → ./wf_results_mode_runs_2010_2025_AAPL_MSFT_NVDA_AMZN_BRK-B_XOM_UNH_WMT_BA_KO_Size_Search_With_Param/dema.txt
  [MACD ] ✓ OK  (4120.2s)  → ./wf_results_mode_runs_2010_2025_AAPL_MSFT_NVDA_AMZN_BRK-B_XOM_UNH_WMT_BA_KO_Size_Search_With_Param/macd.txt

  All strategies finished in 4120.2s  (wall-clock, ran in parallel)



========================================================================================================================
  STRATEGY COMPARISON  –  Walk-Forward OOS Results (means across all windows)
========================================================================================================================
  Metric                             SMA          DEMA           RSI          MACD
  --------------------------------------------------------------------------------
  Mean Δ Return (%)               -1.59%        -1.23%        +0.81%        -0.89%
  Baseline Return (%)              3.17%         2.55%           N/A         2.99%
  HMM Return (%)                   1.58%         1.32%           N/A         2.09%

  Baseline CAGR (%)                3.17%         2.55%           N/A         2.98%
  HMM CAGR (%)                     1.58%         1.32%           N/A         2.09%
  Δ CAGR (%)                      -1.59%        -1.22%           N/A        -0.89%

  Baseline Sharpe                  0.189         0.164        -0.504         0.064
  HMM Sharpe                      -0.111        -0.029        -2.116        -0.090
  Δ Sharpe                        -0.300        -0.193        -1.613        -0.154

  Baseline MaxDD (%)               5.86%         5.29%         4.39%         5.47%
  HMM MaxDD (%)                    3.89%         3.91%         2.10%         3.95%
  Δ MaxDD (%)                     -1.97%        -1.37%        -2.28%        -1.52%

  HMM Win Rate (%)                 30.8%         30.8%         53.8%         46.2%
  Metrics Improved                   1/5           1/5           2/5           1/5
========================================================================================================================

  Best HMM synergy : RSI  (mean Δ return +0.81% per OOS window)
========================================================================================================================

  Output files:
    SMA    → ./wf_results_mode_runs_2010_2025_AAPL_MSFT_NVDA_AMZN_BRK-B_XOM_UNH_WMT_BA_KO_Size_Search_With_Param/sma.txt
    DEMA   → ./wf_results_mode_runs_2010_2025_AAPL_MSFT_NVDA_AMZN_BRK-B_XOM_UNH_WMT_BA_KO_Size_Search_With_Param/dema.txt
    RSI    → ./wf_results_mode_runs_2010_2025_AAPL_MSFT_NVDA_AMZN_BRK-B_XOM_UNH_WMT_BA_KO_Size_Search_With_Param/rsi.txt
    MACD   → ./wf_results_mode_runs_2010_2025_AAPL_MSFT_NVDA_AMZN_BRK-B_XOM_UNH_WMT_BA_KO_Size_Search_With_Param/macd.txt

